Using pre-set license
Built from '2020.3/staging' branch; Version is '2020.3.0f1 (c7b5465681fb) revision 13088070'; Using compiler version '192528614'; Build Type 'Release'
OS: 'Windows 10 Pro; OS build 19043.1110; Version 2009; 64bit' Language: 'pt' Physical Memory: 8174 MB
BatchMode: 1, IsHumanControllingUs: 0, StartBugReporterOnCrash: 0, Is64bit: 1, IsPro: 0

 COMMAND LINE ARGUMENTS:
E:\Unity\2020.3.0f1\Editor\Unity.exe
-adb2
-batchMode
-noUpm
-name
AssetImportWorker0
-projectPath
E:/Unity Projetos/GMTK Game Jam 2021 - Joined Together
-logFile
Logs/AssetImportWorker0.log
-srvPort
53752
Successfully changed project path to: E:/Unity Projetos/GMTK Game Jam 2021 - Joined Together
E:/Unity Projetos/GMTK Game Jam 2021 - Joined Together
Using Asset Import Pipeline V2.
Refreshing native plugins compatible for Editor in 60.38 ms, found 1 plugins.
Preloading 0 native plugins for Editor in 0.00 ms.
Initialize engine version: 2020.3.0f1 (c7b5465681fb)
[Subsystems] Discovering subsystems at path E:/Unity/2020.3.0f1/Editor/Data/Resources/UnitySubsystems
[Subsystems] Discovering subsystems at path E:/Unity Projetos/GMTK Game Jam 2021 - Joined Together/Assets
GfxDevice: creating device client; threaded=0
Direct3D:
    Version:  Direct3D 11.0 [level 11.0]
    Renderer: NVIDIA GeForce GT 710 (ID=0x128b)
    Vendor:   
    VRAM:     2007 MB
    Driver:   27.21.14.5671
Initialize mono
Mono path[0] = 'E:/Unity/2020.3.0f1/Editor/Data/Managed'
Mono path[1] = 'E:/Unity/2020.3.0f1/Editor/Data/MonoBleedingEdge/lib/mono/unityjit'
Mono config path = 'E:/Unity/2020.3.0f1/Editor/Data/MonoBleedingEdge/etc'
Using monoOptions --debugger-agent=transport=dt_socket,embedding=1,server=y,suspend=n,address=127.0.0.1:56280
Begin MonoManager ReloadAssembly
Registering precompiled unity dll's ...
Register platform support module: E:/Unity/2020.3.0f1/Editor/Data/PlaybackEngines/WebGLSupport/UnityEditor.WebGL.Extensions.dll
Register platform support module: E:/Unity/2020.3.0f1/Editor/Data/PlaybackEngines/WindowsStandaloneSupport/UnityEditor.WindowsStandalone.Extensions.dll
Registered in 0.002780 seconds.
Native extension for WindowsStandalone target not found
Native extension for WebGL target not found
Refreshing native plugins compatible for Editor in 56.21 ms, found 1 plugins.
Preloading 0 native plugins for Editor in 0.00 ms.
Invoked RoslynAnalysisRunner static constructor.
RoslynAnalysisRunner will not be running.
RoslynAnalysisRunner has terminated.
Mono: successfully reloaded assembly
- Completed reload, in  2.305 seconds
Platform modules already initialized, skipping
Registering precompiled user dll's ...
Registered in 0.001655 seconds.
Begin MonoManager ReloadAssembly
Native extension for WindowsStandalone target not found
Native extension for WebGL target not found
Refreshing native plugins compatible for Editor in 66.33 ms, found 1 plugins.
Preloading 0 native plugins for Editor in 0.00 ms.
Invoked RoslynAnalysisRunner static constructor.
RoslynAnalysisRunner will not be running.
RoslynAnalysisRunner has terminated.
Mono: successfully reloaded assembly
- Completed reload, in  1.621 seconds
Platform modules already initialized, skipping
========================================================================
Worker process is ready to serve import requests
Launched and connected shader compiler UnityShaderCompiler.exe after 0.16 seconds
Refreshing native plugins compatible for Editor in 0.52 ms, found 1 plugins.
Preloading 0 native plugins for Editor in 0.00 ms.
Unloading 1832 Unused Serialized files (Serialized files now loaded: 0)
System memory in use before: 86.8 MB.
System memory in use after: 86.8 MB.

Unloading 24 unused Assets to reduce memory usage. Loaded Objects now: 2276.
Total: 6.753800 ms (FindLiveObjects: 1.868900 ms CreateObjectMapping: 0.285100 ms MarkObjects: 4.299400 ms  DeleteObjects: 0.297500 ms)

========================================================================
Received Import Request.
  path: Assets/Audio/Efeitos/trocarGema.wav
  artifactKey: Guid(b64b3c76174dba047b702d1ab64704a0) Importer(815301076,1909f56bfc062723c751e8b465ee728b)
Start importing Assets/Audio/Efeitos/trocarGema.wav using Guid(b64b3c76174dba047b702d1ab64704a0) Importer(815301076,1909f56bfc062723c751e8b465ee728b)  -> (artifact id: '5a7359dcf9873c2c11d5313e201b69f9') in 0.508975 seconds
  Import took 0.549350 seconds .

========================================================================
Received Import Request.
  Time since last request: 0.000504 seconds.
  path: Assets/Audio/Efeitos/pegarGema.wav
  artifactKey: Guid(aeeb5f6fb220b04419156bb5fd3c5373) Importer(815301076,1909f56bfc062723c751e8b465ee728b)
Start importing Assets/Audio/Efeitos/pegarGema.wav using Guid(aeeb5f6fb220b04419156bb5fd3c5373) Importer(815301076,1909f56bfc062723c751e8b465ee728b)  -> (artifact id: '9255f98f15e6fc02d437fd1cc1bdaafb') in 0.048297 seconds
  Import took 0.070552 seconds .

========================================================================
Received Import Request.
  Time since last request: 0.000374 seconds.
  path: Assets/Audio/Efeitos/intencao.wav
  artifactKey: Guid(53ba558e253268f47bc13ec82a054fed) Importer(815301076,1909f56bfc062723c751e8b465ee728b)
Start importing Assets/Audio/Efeitos/intencao.wav using Guid(53ba558e253268f47bc13ec82a054fed) Importer(815301076,1909f56bfc062723c751e8b465ee728b)  -> (artifact id: 'aa8a00c6831a5ef62c1b67e50875b8ab') in 0.096194 seconds
  Import took 0.135472 seconds .

========================================================================
Received Import Request.
  Time since last request: 178.259000 seconds.
  path: Assets/Audio/Efeitos/soltarGema.wav
  artifactKey: Guid(2c30df84e0dcb8c41aab88b79df7ccee) Importer(815301076,1909f56bfc062723c751e8b465ee728b)
Start importing Assets/Audio/Efeitos/soltarGema.wav using Guid(2c30df84e0dcb8c41aab88b79df7ccee) Importer(815301076,1909f56bfc062723c751e8b465ee728b)  -> (artifact id: '4e3b17468f84d5106bd86add45eda151') in 0.031243 seconds
  Import took 0.075090 seconds .

========================================================================
Received Prepare
Registering precompiled user dll's ...
Registered in 0.002181 seconds.
Begin MonoManager ReloadAssembly
Native extension for WindowsStandalone target not found
Native extension for WebGL target not found
Refreshing native plugins compatible for Editor in 0.60 ms, found 1 plugins.
Preloading 0 native plugins for Editor in 0.00 ms.
Invoked RoslynAnalysisRunner static constructor.
RoslynAnalysisRunner will not be running.
RoslynAnalysisRunner has terminated.
Mono: successfully reloaded assembly
- Completed reload, in  1.590 seconds
Platform modules already initialized, skipping
Refreshing native plugins compatible for Editor in 1.55 ms, found 1 plugins.
Preloading 0 native plugins for Editor in 0.00 ms.
Unloading 1814 Unused Serialized files (Serialized files now loaded: 0)
System memory in use before: 88.9 MB.
System memory in use after: 88.9 MB.

Unloading 12 unused Assets to reduce memory usage. Loaded Objects now: 2289.
Total: 3.989600 ms (FindLiveObjects: 0.321000 ms CreateObjectMapping: 0.090300 ms MarkObjects: 3.364800 ms  DeleteObjects: 0.211100 ms)

========================================================================
Received Prepare
Registering precompiled user dll's ...
Registered in 0.001575 seconds.
Begin MonoManager ReloadAssembly
Native extension for WindowsStandalone target not found
Native extension for WebGL target not found
Refreshing native plugins compatible for Editor in 0.55 ms, found 1 plugins.
Preloading 0 native plugins for Editor in 0.00 ms.
Invoked RoslynAnalysisRunner static constructor.
RoslynAnalysisRunner will not be running.
RoslynAnalysisRunner has terminated.
Mono: successfully reloaded assembly
- Completed reload, in  1.492 seconds
Platform modules already initialized, skipping
Refreshing native plugins compatible for Editor in 0.55 ms, found 1 plugins.
Preloading 0 native plugins for Editor in 0.00 ms.
Unloading 1814 Unused Serialized files (Serialized files now loaded: 0)
System memory in use before: 89.0 MB.
System memory in use after: 88.9 MB.

Unloading 12 unused Assets to reduce memory usage. Loaded Objects now: 2293.
Total: 3.382200 ms (FindLiveObjects: 0.455500 ms CreateObjectMapping: 0.128100 ms MarkObjects: 2.634100 ms  DeleteObjects: 0.162500 ms)

========================================================================
Received Prepare
Registering precompiled user dll's ...
Registered in 0.001709 seconds.
Begin MonoManager ReloadAssembly
Native extension for WindowsStandalone target not found
Native extension for WebGL target not found
Refreshing native plugins compatible for Editor in 0.55 ms, found 1 plugins.
Preloading 0 native plugins for Editor in 0.00 ms.
Invoked RoslynAnalysisRunner static constructor.
RoslynAnalysisRunner will not be running.
RoslynAnalysisRunner has terminated.
Mono: successfully reloaded assembly
- Completed reload, in  1.520 seconds
Platform modules already initialized, skipping
Refreshing native plugins compatible for Editor in 1.19 ms, found 1 plugins.
Preloading 0 native plugins for Editor in 0.00 ms.
Unloading 1814 Unused Serialized files (Serialized files now loaded: 0)
System memory in use before: 89.0 MB.
System memory in use after: 89.0 MB.

Unloading 12 unused Assets to reduce memory usage. Loaded Objects now: 2297.
Total: 5.540500 ms (FindLiveObjects: 0.399200 ms CreateObjectMapping: 0.148200 ms MarkObjects: 4.628100 ms  DeleteObjects: 0.362500 ms)

========================================================================
Received Import Request.
  Time since last request: 375.558832 seconds.
  path: Assets/Sprites/double_top_logo_square.png
  artifactKey: Guid(641b3ef45851b11419e4a747cc364fb4) Importer(815301076,1909f56bfc062723c751e8b465ee728b)
Start importing Assets/Sprites/double_top_logo_square.png using Guid(641b3ef45851b11419e4a747cc364fb4) Importer(815301076,1909f56bfc062723c751e8b465ee728b)  -> (artifact id: '6972cb6202c7b2c40d6fba3ab1b98879') in 0.223064 seconds
  Import took 0.254365 seconds .

========================================================================
Received Import Request.
  Time since last request: 10.245774 seconds.
  path: Assets/Sprites/double_top_logo_square.png
  artifactKey: Guid(641b3ef45851b11419e4a747cc364fb4) Importer(815301076,1909f56bfc062723c751e8b465ee728b)
Start importing Assets/Sprites/double_top_logo_square.png using Guid(641b3ef45851b11419e4a747cc364fb4) Importer(815301076,1909f56bfc062723c751e8b465ee728b)  -> (artifact id: 'a3b25017bcf7ca89ef2788e776d4d452') in 0.041839 seconds
  Import took 0.056133 seconds .

========================================================================
Received Prepare
Refreshing native plugins compatible for Editor in 3.18 ms, found 1 plugins.
Preloading 0 native plugins for Editor in 0.00 ms.
Unloading 10 Unused Serialized files (Serialized files now loaded: 0)
System memory in use before: 53.4 MB.
System memory in use after: 53.4 MB.

Unloading 10 unused Assets to reduce memory usage. Loaded Objects now: 2300.
Total: 4.084900 ms (FindLiveObjects: 0.342700 ms CreateObjectMapping: 0.096200 ms MarkObjects: 3.475700 ms  DeleteObjects: 0.167600 ms)

========================================================================
Received Import Request.
  Time since last request: 2697.406638 seconds.
  path: Assets/Scenes/Jogo.unity
  artifactKey: Guid(0b8d6e4d14725da44bf3e93c62dd3858) Importer(815301076,1909f56bfc062723c751e8b465ee728b)
Start importing Assets/Scenes/Jogo.unity using Guid(0b8d6e4d14725da44bf3e93c62dd3858) Importer(815301076,1909f56bfc062723c751e8b465ee728b)  -> (artifact id: '5a579a2acfc29320321a683ac765210b') in 0.014650 seconds
  Import took 0.019671 seconds .

========================================================================
Received Import Request.
  Time since last request: 0.010520 seconds.
  path: Assets/Scenes/Jogo.unity
  artifactKey: Guid(0b8d6e4d14725da44bf3e93c62dd3858) Importer(815301076,1909f56bfc062723c751e8b465ee728b)
Start importing Assets/Scenes/Jogo.unity using Guid(0b8d6e4d14725da44bf3e93c62dd3858) Importer(815301076,1909f56bfc062723c751e8b465ee728b)  -> (artifact id: '5a579a2acfc29320321a683ac765210b') in 0.005299 seconds
  Import took 0.043598 seconds .

========================================================================
Received Prepare
Registering precompiled user dll's ...
Registered in 0.001695 seconds.
Begin MonoManager ReloadAssembly
Native extension for WindowsStandalone target not found
Native extension for WebGL target not found
Refreshing native plugins compatible for Editor in 0.60 ms, found 1 plugins.
Preloading 0 native plugins for Editor in 0.00 ms.
Invoked RoslynAnalysisRunner static constructor.
RoslynAnalysisRunner will not be running.
RoslynAnalysisRunner has terminated.
Mono: successfully reloaded assembly
- Completed reload, in  1.394 seconds
Platform modules already initialized, skipping
Refreshing native plugins compatible for Editor in 0.77 ms, found 1 plugins.
Preloading 0 native plugins for Editor in 0.00 ms.
Unloading 1814 Unused Serialized files (Serialized files now loaded: 0)
System memory in use before: 89.0 MB.
System memory in use after: 89.0 MB.

Unloading 12 unused Assets to reduce memory usage. Loaded Objects now: 2304.
Total: 2.874700 ms (FindLiveObjects: 0.223700 ms CreateObjectMapping: 0.083200 ms MarkObjects: 2.402700 ms  DeleteObjects: 0.163100 ms)

========================================================================
Received Prepare
Registering precompiled user dll's ...
Registered in 0.003525 seconds.
Begin MonoManager ReloadAssembly
Native extension for WindowsStandalone target not found
Native extension for WebGL target not found
Refreshing native plugins compatible for Editor in 0.55 ms, found 1 plugins.
Preloading 0 native plugins for Editor in 0.00 ms.
Invoked RoslynAnalysisRunner static constructor.
RoslynAnalysisRunner will not be running.
RoslynAnalysisRunner has terminated.
Mono: successfully reloaded assembly
- Completed reload, in  1.427 seconds
Platform modules already initialized, skipping
Refreshing native plugins compatible for Editor in 0.55 ms, found 1 plugins.
Preloading 0 native plugins for Editor in 0.00 ms.
Unloading 1814 Unused Serialized files (Serialized files now loaded: 0)
System memory in use before: 89.0 MB.
System memory in use after: 89.0 MB.

Unloading 12 unused Assets to reduce memory usage. Loaded Objects now: 2308.
Total: 2.503800 ms (FindLiveObjects: 0.196100 ms CreateObjectMapping: 0.076400 ms MarkObjects: 2.068500 ms  DeleteObjects: 0.161000 ms)

========================================================================
Received Prepare
Refreshing native plugins compatible for Editor in 4.00 ms, found 1 plugins.
Preloading 0 native plugins for Editor in 0.00 ms.
Unloading 10 Unused Serialized files (Serialized files now loaded: 0)
System memory in use before: 53.4 MB.
System memory in use after: 53.4 MB.

Unloading 10 unused Assets to reduce memory usage. Loaded Objects now: 2308.
Total: 3.800400 ms (FindLiveObjects: 0.654500 ms CreateObjectMapping: 0.186500 ms MarkObjects: 2.789900 ms  DeleteObjects: 0.167100 ms)

AssetImportWorkerClient::OnTransportError - code=2 error=End of file
